#
# An unexpected error has been detected by Java Runtime Environment:
#
#  EXCEPTION_ACCESS_VIOLATION (0xc0000005) at pc=0x77255f1b, pid=8452, tid=4892
#
# Java VM: Java HotSpot(TM) Client VM (1.6.0_03-b05 mixed mode)
# Problematic frame:
# C  [ntdll.dll+0x55f1b]
#
# If you would like to submit a bug report, please visit:
#   http://java.sun.com/webapps/bugreport/crash.jsp
#

---------------  T H R E A D  ---------------

Current thread (0x4a116400):  JavaThread "AWT-EventQueue-0" [_thread_in_native, id=4892]

siginfo: ExceptionCode=0xc0000005, reading address 0x373a372b

Registers:
EAX=0x4ad80000, EBX=0x000036d2, ECX=0x4ae72d00, EDX=0x373a372b
ESP=0x4a61da2c, EBP=0x4a61dafc, ESI=0x4ae72cf8, EDI=0x371d370e
EIP=0x77255f1b, EFLAGS=0x00010206

Top of Stack: (sp=0x4a61da2c)
0x4a61da2c:   32594fd6 6d2cc888 4ae464bc 4ad80000
0x4a61da3c:   4ae457a0 4ae5bef8 00000030 00000000
0x4a61da4c:   00000000 4ae457f4 000000c0 4a61db44
0x4a61da5c:   0000000d 4ae457a0 00000188 4add0d50
0x4a61da6c:   77255da4 77255dd3 32594e6e 00000201
0x4a61da7c:   4ad801ec 4ad80000 4ad80150 00000000
0x4a61da8c:   00000000 02000002 373a372b 4ae457cc
0x4a61da9c:   00000000 000000c0 00000000 4ae457a0 

Instructions: (pc=0x77255f1b)
0x77255f0b:   02 00 8d 4e 08 8b 39 89 7d b8 8b 56 0c 89 55 98
0x77255f1b:   8b 12 8b 7f 04 3b d7 0f 85 67 4a 02 00 3b d1 0f 


Stack: [0x4a5d0000,0x4a620000),  sp=0x4a61da2c,  free space=310k
Native frames: (J=compiled Java code, j=interpreted, Vv=VM code, C=native code)
C  [ntdll.dll+0x55f1b]
C  [ntdll.dll+0x55ae0]
C  [cmm.dll+0x25f8b]
C  [cmm.dll+0x14223]
C  [cmm.dll+0x1c0f9]

Java frames: (J=compiled Java code, j=interpreted, Vv=VM code)
j  sun.awt.color.CMM.cmmGetTransform(Ljava/awt/color/ICC_Profile;IILsun/awt/color/ICC_Transform;)I+0
J  java.awt.image.ColorConvertOp.filter(Ljava/awt/image/Raster;Ljava/awt/image/WritableRaster;)Ljava/awt/image/WritableRaster;
J  com.sun.imageio.plugins.jpeg.JPEGImageReader.acceptPixels(IZ)V
v  ~StubRoutines::call_stub
j  com.sun.imageio.plugins.jpeg.JPEGImageReader.readImage(J[BI[I[IIIIIII[Ljavax/imageio/plugins/jpeg/JPEGQTable;[Ljavax/imageio/plugins/jpeg/JPEGHuffmanTable;[Ljavax/imageio/plugins/jpeg/JPEGHuffmanTable;IIZ)Z+0
j  com.sun.imageio.plugins.jpeg.JPEGImageReader.readInternal(ILjavax/imageio/ImageReadParam;Z)Ljava/awt/image/Raster;+1062
j  com.sun.imageio.plugins.jpeg.JPEGImageReader.read(ILjavax/imageio/ImageReadParam;)Ljava/awt/image/BufferedImage;+4
j  javax.imageio.ImageIO.read(Ljavax/imageio/stream/ImageInputStream;)Ljava/awt/image/BufferedImage;+55
j  javax.imageio.ImageIO.read(Ljava/io/File;)Ljava/awt/image/BufferedImage;+51
j  com.sun.j3d.utils.image.TextureLoader$1.run()Ljava/lang/Object;+11
v  ~StubRoutines::call_stub
j  java.security.AccessController.doPrivileged(Ljava/security/PrivilegedAction;)Ljava/lang/Object;+0
j  com.sun.j3d.utils.image.TextureLoader.<init>(Ljava/lang/String;Ljava/lang/String;ILjava/awt/Component;)V+69
j  com.sun.j3d.loaders.objectfile.ObjectFileMaterials.readMapKd(Lcom/sun/j3d/loaders/objectfile/ObjectFileParser;)V+424
j  com.sun.j3d.loaders.objectfile.ObjectFileMaterials.readFile(Lcom/sun/j3d/loaders/objectfile/ObjectFileParser;)V+213
j  com.sun.j3d.loaders.objectfile.ObjectFileMaterials.readMaterialFile(ZLjava/lang/String;Ljava/lang/String;)V+115
j  com.sun.j3d.loaders.objectfile.ObjectFile.loadMaterialFile(Lcom/sun/j3d/loaders/objectfile/ObjectFileParser;)V+64
j  com.sun.j3d.loaders.objectfile.ObjectFile.readFile(Lcom/sun/j3d/loaders/objectfile/ObjectFileParser;)V+213
j  com.sun.j3d.loaders.objectfile.ObjectFile.load(Ljava/io/Reader;)Lcom/sun/j3d/loaders/Scene;+168
j  com.sun.j3d.loaders.objectfile.ObjectFile.load(Ljava/lang/String;)Lcom/sun/j3d/loaders/Scene;+23
j  com.karmelos.ksimulator.view.swing.SimView.SceneLize(Ljava/util/List;)Ljava/util/Map;+97
j  com.karmelos.ksimulator.view.swing.SimView.load3dScenesPerModule(Lcom/karmelos/ksimulator/model/SimModule;Ljava/util/List;)Ljava/util/Map;+24
j  com.karmelos.ksimulator.view.swing.SimView.moduleComboItemStateChanged(Ljava/awt/event/ItemEvent;)V+179
j  com.karmelos.ksimulator.view.swing.SimView.access$2000(Lcom/karmelos/ksimulator/view/swing/SimView;Ljava/awt/event/ItemEvent;)V+2
j  com.karmelos.ksimulator.view.swing.SimView$18.itemStateChanged(Ljava/awt/event/ItemEvent;)V+5
j  javax.swing.JComboBox.fireItemStateChanged(Ljava/awt/event/ItemEvent;)V+35
j  javax.swing.JComboBox.selectedItemChanged()V+64
j  javax.swing.JComboBox.contentsChanged(Ljavax/swing/event/ListDataEvent;)V+28
j  javax.swing.AbstractListModel.fireContentsChanged(Ljava/lang/Object;II)V+65
j  javax.swing.DefaultComboBoxModel.setSelectedItem(Ljava/lang/Object;)V+38
j  javax.swing.JComboBox.setSelectedItem(Ljava/lang/Object;)V+103
j  javax.swing.JComboBox.setSelectedIndex(I)V+76
j  javax.swing.plaf.basic.BasicComboPopup$Handler.mouseReleased(Ljava/awt/event/MouseEvent;)V+72
j  java.awt.AWTEventMulticaster.mouseReleased(Ljava/awt/event/MouseEvent;)V+21
j  java.awt.Component.processMouseEvent(Ljava/awt/event/MouseEvent;)V+64
j  javax.swing.JComponent.processMouseEvent(Ljava/awt/event/MouseEvent;)V+23
j  javax.swing.plaf.basic.BasicComboPopup$1.processMouseEvent(Ljava/awt/event/MouseEvent;)V+63
j  java.awt.Component.processEvent(Ljava/awt/AWTEvent;)V+81
j  java.awt.Container.processEvent(Ljava/awt/AWTEvent;)V+18
j  java.awt.Component.dispatchEventImpl(Ljava/awt/AWTEvent;)V+562
j  java.awt.Container.dispatchEventImpl(Ljava/awt/AWTEvent;)V+42
j  java.awt.Component.dispatchEvent(Ljava/awt/AWTEvent;)V+2
j  java.awt.LightweightDispatcher.retargetMouseEvent(Ljava/awt/Component;ILjava/awt/event/MouseEvent;)V+320
j  java.awt.LightweightDispatcher.processMouseEvent(Ljava/awt/event/MouseEvent;)Z+139
j  java.awt.LightweightDispatcher.dispatchEvent(Ljava/awt/AWTEvent;)Z+50
j  java.awt.Container.dispatchEventImpl(Ljava/awt/AWTEvent;)V+12
j  java.awt.Window.dispatchEventImpl(Ljava/awt/AWTEvent;)V+19
j  java.awt.Component.dispatchEvent(Ljava/awt/AWTEvent;)V+2
j  java.awt.EventQueue.dispatchEvent(Ljava/awt/AWTEvent;)V+46
j  java.awt.EventDispatchThread.pumpOneEventForFilters(I)Z+156
j  java.awt.EventDispatchThread.pumpEventsForFilter(ILjava/awt/Conditional;Ljava/awt/EventFilter;)V+30
j  java.awt.EventDispatchThread.pumpEventsForHierarchy(ILjava/awt/Conditional;Ljava/awt/Component;)V+11
j  java.awt.EventDispatchThread.pumpEvents(ILjava/awt/Conditional;)V+4
j  java.awt.EventDispatchThread.pumpEvents(Ljava/awt/Conditional;)V+3
j  java.awt.EventDispatchThread.run()V+9
v  ~StubRoutines::call_stub

---------------  P R O C E S S  ---------------

Java Threads: ( => current thread )
  0x4a085400 JavaThread "SwingWorker-pool-1-thread-1" [_thread_blocked, id=9144]
  0x4a218800 JavaThread "Timer-0" [_thread_blocked, id=7932]
  0x4a1c9400 JavaThread "TimerQueue" daemon [_thread_blocked, id=716]
  0x00c28c00 JavaThread "DestroyJavaVM" [_thread_blocked, id=8784]
=>0x4a116400 JavaThread "AWT-EventQueue-0" [_thread_in_native, id=4892]
  0x4a115c00 JavaThread "AWT-Windows" daemon [_thread_in_native, id=9516]
  0x4a115800 JavaThread "AWT-Shutdown" [_thread_blocked, id=7200]
  0x4a115000 JavaThread "Java2D Disposer" daemon [_thread_blocked, id=6904]
  0x019dd000 JavaThread "Low Memory Detector" daemon [_thread_blocked, id=6964]
  0x019db800 JavaThread "CompilerThread0" daemon [_thread_blocked, id=7104]
  0x019db000 JavaThread "Attach Listener" daemon [_thread_blocked, id=5968]
  0x019dac00 JavaThread "Signal Dispatcher" daemon [_thread_blocked, id=7820]
  0x019c3000 JavaThread "Finalizer" daemon [_thread_blocked, id=1280]
  0x019ba400 JavaThread "Reference Handler" daemon [_thread_blocked, id=9100]

Other Threads:
  0x019b7400 VMThread [id=3296]
  0x019e3000 WatcherThread [id=3356]

VM state:not at safepoint (normal execution)

VM Mutex/Monitor currently owned by a thread: None

Heap
 def new generation   total 36352K, used 21464K [0x03a30000, 0x061a0000, 0x088f0000)
  eden space 32320K,  54% used [0x03a30000, 0x04b4ead0, 0x059c0000)
  from space 4032K,  97% used [0x059c0000, 0x05d978d0, 0x05db0000)
  to   space 4032K,   0% used [0x05db0000, 0x05db0000, 0x061a0000)
 tenured generation   total 483968K, used 149775K [0x088f0000, 0x26190000, 0x43a30000)
   the space 483968K,  30% used [0x088f0000, 0x11b33fe8, 0x11b34000, 0x26190000)
 compacting perm gen  total 24320K, used 24147K [0x43a30000, 0x451f0000, 0x47a30000)
   the space 24320K,  99% used [0x43a30000, 0x451c4dc8, 0x451c4e00, 0x451f0000)
No shared spaces configured.

Dynamic libraries:
0x00400000 - 0x00423000 	C:\Program Files\Java\jdk1.6.0_03\bin\java.exe
0x77200000 - 0x7733c000 	C:\Windows\SYSTEM32\ntdll.dll
0x76b50000 - 0x76c24000 	C:\Windows\system32\kernel32.dll
0x75520000 - 0x7556b000 	C:\Windows\system32\KERNELBASE.dll
0x76f10000 - 0x76fb0000 	C:\Windows\system32\ADVAPI32.dll
0x76880000 - 0x7692c000 	C:\Windows\system32\msvcrt.dll
0x76fb0000 - 0x76fc9000 	C:\Windows\SYSTEM32\sechost.dll
0x76510000 - 0x765b2000 	C:\Windows\system32\RPCRT4.dll
0x7c340000 - 0x7c396000 	C:\Program Files\Java\jdk1.6.0_03\jre\bin\msvcr71.dll
0x6d870000 - 0x6daba000 	C:\Program Files\Java\jdk1.6.0_03\jre\bin\client\jvm.dll
0x75570000 - 0x75639000 	C:\Windows\system32\USER32.dll
0x773a0000 - 0x773ee000 	C:\Windows\system32\GDI32.dll
0x76290000 - 0x7629a000 	C:\Windows\system32\LPK.dll
0x767e0000 - 0x7687d000 	C:\Windows\system32\USP10.dll
0x72c30000 - 0x72c62000 	C:\Windows\system32\WINMM.dll
0x765c0000 - 0x765df000 	C:\Windows\system32\IMM32.DLL
0x76fd0000 - 0x7709c000 	C:\Windows\system32\MSCTF.dll
0x75140000 - 0x7518c000 	C:\Windows\system32\apphelp.dll
0x6d3c0000 - 0x6d3c8000 	C:\Program Files\Java\jdk1.6.0_03\jre\bin\hpi.dll
0x77340000 - 0x77345000 	C:\Windows\system32\PSAPI.DLL
0x6d820000 - 0x6d82c000 	C:\Program Files\Java\jdk1.6.0_03\jre\bin\verify.dll
0x6d460000 - 0x6d47f000 	C:\Program Files\Java\jdk1.6.0_03\jre\bin\java.dll
0x6d860000 - 0x6d86f000 	C:\Program Files\Java\jdk1.6.0_03\jre\bin\zip.dll
0x6d0b0000 - 0x6d273000 	C:\Program Files\Java\jdk1.6.0_03\jre\bin\awt.dll
0x729f0000 - 0x72a41000 	C:\Windows\system32\WINSPOOL.DRV
0x770a0000 - 0x771fc000 	C:\Windows\system32\ole32.dll
0x72f90000 - 0x72fd0000 	C:\Windows\system32\uxtheme.dll
0x72bb0000 - 0x72bc3000 	C:\Windows\system32\dwmapi.dll
0x75190000 - 0x7519c000 	C:\Windows\system32\CRYPTBASE.dll
0x6d360000 - 0x6d3b3000 	C:\Program Files\Java\jdk1.6.0_03\jre\bin\fontmanager.dll
0x75640000 - 0x7628a000 	C:\Windows\system32\shell32.dll
0x76780000 - 0x767d7000 	C:\Windows\system32\SHLWAPI.dll
0x6d620000 - 0x6d633000 	C:\Program Files\Java\jdk1.6.0_03\jre\bin\net.dll
0x773f0000 - 0x77425000 	C:\Windows\system32\WS2_32.dll
0x76330000 - 0x76336000 	C:\Windows\system32\NSI.dll
0x74c70000 - 0x74cac000 	C:\Windows\system32\mswsock.dll
0x74c60000 - 0x74c66000 	C:\Windows\System32\wship6.dll
0x74410000 - 0x74415000 	C:\Windows\System32\wshtcpip.dll
0x74b30000 - 0x74b74000 	C:\Windows\system32\DNSAPI.dll
0x6c950000 - 0x6c977000 	C:\Program Files\Common Files\Microsoft Shared\Windows Live\WLIDNSP.DLL
0x6c920000 - 0x6c941000 	C:\Program Files\Bonjour\mdnsNSP.dll
0x73c10000 - 0x73c2c000 	C:\Windows\system32\Iphlpapi.DLL
0x73d90000 - 0x73d97000 	C:\Windows\system32\WINNSI.DLL
0x6c910000 - 0x6c916000 	C:\Windows\system32\rasadhlp.dll
0x73c90000 - 0x73cc8000 	C:\Windows\System32\fwpuclnt.dll
0x6d2a0000 - 0x6d2cf000 	C:\Program Files\Java\jdk1.6.0_03\jre\bin\cmm.dll
0x6d500000 - 0x6d524000 	C:\Program Files\Java\jdk1.6.0_03\jre\bin\jpeg.dll
0x4a9c0000 - 0x4a9f8000 	C:\Program Files\WIDCOMM\Bluetooth Software\btmmhook.dll
0x76cb0000 - 0x76d3f000 	C:\Windows\system32\OLEAUT32.dll
0x6d640000 - 0x6d649000 	C:\Program Files\Java\jdk1.6.0_03\jre\bin\nio.dll
0x73e80000 - 0x73e90000 	C:\Windows\system32\NLAapi.dll
0x6c750000 - 0x6c760000 	C:\Windows\system32\napinsp.dll
0x6c730000 - 0x6c742000 	C:\Windows\system32\pnrpnsp.dll
0x6c720000 - 0x6c728000 	C:\Windows\System32\winrnr.dll
0x6c710000 - 0x6c71d000 	C:\Windows\system32\wshbth.dll
0x4baa0000 - 0x4baa7000 	C:\Program Files\Internet Download Manager\idmmkb.dll
0x762a0000 - 0x76323000 	C:\Windows\system32\CLBCatQ.DLL
0x4a6c0000 - 0x4a6e5000 	C:\Program Files\WIDCOMM\Bluetooth Software\btkeyind.dll
0x4a750000 - 0x4a7a7000 	C:\Program Files\Elantech\ETDApix.dll
0x74380000 - 0x74389000 	C:\Windows\system32\VERSION.dll
0x6d2d0000 - 0x6d2f3000 	C:\Program Files\Java\jdk1.6.0_03\jre\bin\dcpr.dll
0x4a820000 - 0x4a82e000 	C:\Windows\j3dcore-ogl-chk.dll
0x5efd0000 - 0x5f098000 	C:\Windows\system32\OPENGL32.dll
0x61f10000 - 0x61f32000 	C:\Windows\system32\GLU32.dll
0x5eee0000 - 0x5efc7000 	C:\Windows\system32\DDRAW.dll
0x728e0000 - 0x728e6000 	C:\Windows\system32\DCIMAN32.dll
0x765e0000 - 0x7677d000 	C:\Windows\system32\SETUPAPI.dll
0x754e0000 - 0x75507000 	C:\Windows\system32\CFGMGR32.dll
0x753a0000 - 0x753b2000 	C:\Windows\system32\DEVOBJ.dll
0x4cad0000 - 0x4d574000 	C:\Windows\system32\ig4icd32.dll
0x6d490000 - 0x6d496000 	C:\Program Files\Java\jdk1.6.0_03\jre\bin\jawt.dll
0x4c810000 - 0x4c839000 	C:\Program Files\Java\jdk1.6.0_03\bin\j3dcore-ogl.dll

VM Arguments:
jvm_args: -Dfile.encoding=UTF-8 -Xms512m -Xmx1024m
java_command: com.karmelos.ksimulator.view.swing.SimView
Launcher Type: SUN_STANDARD

Environment Variables:
PATH=C:\pvsw\bin;C:\Program Files\Common Files\Microsoft Shared\Windows Live;C:\Windows\system32;C:\Windows;C:\Windows\System32\Wbem;C:\Windows\System32\WindowsPowerShell\v1.0\;C:\Program Files\Windows Live\Shared;C:\Program Files\EgisTec MyWinLocker\;C:\Program Files\WIDCOMM\Bluetooth Software\;C:\Program Files\jdk1.7.0_21\bin;C:\Program Files\jdk1.7.0_21\bin;C:\Program Files\jdk1.6.0_03\bin
USERNAME=jumoke
OS=Windows_NT
PROCESSOR_IDENTIFIER=x86 Family 6 Model 37 Stepping 5, GenuineIntel



---------------  S Y S T E M  ---------------

OS: Windows NT 6.1 Build 7601 Service Pack 1

CPU:total 2 (8 cores per cpu, 2 threads per core) family 6 model 5 stepping 5, cmov, cx8, fxsr, mmx, sse, sse2, sse3, ssse3, ht

Memory: 4k page, physical 2097151k(609808k free), swap 4194303k(1542880k free)

vm_info: Java HotSpot(TM) Client VM (1.6.0_03-b05) for windows-x86, built on Sep 24 2007 22:24:33 by "java_re" with unknown MS VC++:1310

